Command line:
   Tb_aLU_isim_beh.exe
     -simmode  gui
     -simrunnum  0
     -socket  64041

Sun Oct 16 15:02:46 2016


 Elaboration Time: 0.046875 sec

 Current Memory Usage: 841.712 Meg

 Total Signals          : 8
 Total Nets             : 102
 Total Signal Drivers   : 4
 Total Blocks           : 5
 Total Primitive Blocks : 4
 Total Processes        : 2
 Total Traceable Variables  : 10
 Total Scalar Nets and Variables : 480
Total Line Count : 14

 Total Simulation Time: 0.046875 sec

 Current Memory Usage: 1156.28 Meg

Sun Oct 16 15:03:30 2016

