Command line:
   Tb_uC_isim_beh.exe
     -simmode  gui
     -simrunnum  0
     -socket  53453

Mon Oct 17 10:33:51 2016


 Elaboration Time: 0.046875 sec

 Current Memory Usage: 842.093 Meg

 Total Signals          : 6
 Total Nets             : 14
 Total Signal Drivers   : 3
 Total Blocks           : 3
 Total Primitive Blocks : 2
 Total Processes        : 2
 Total Traceable Variables  : 8
 Total Scalar Nets and Variables : 374
Total Line Count : 14

 Total Simulation Time: 0.0625 sec

 Current Memory Usage: 684.806 Meg

Mon Oct 17 10:34:58 2016

