ISim log file
Running: E:\d\procesador2_finalDanielaDelgadoGaleano\procesador1_Daniela\Tb_procesador2Final_isim_beh.exe -intstyle ise -gui -tclbatch isim.cmd -wdb E:/d/procesador2_finalDanielaDelgadoGaleano/procesador1_Daniela/Tb_procesador2Final_isim_beh.wdb 
INFO: There is another simulation running in the same directory. Using database file name isim1.wdb.
ISim P.20131013 (signature 0x7708f090)
WARNING: A WEBPACK license was found.
WARNING: Please use Xilinx License Configuration Manager to check out a full ISim license.
WARNING: ISim will run in Lite mode. Please refer to the ISim documentation for more information on the differences between the Lite and the Full version.
This is a Lite version of ISim.
Time resolution is 1 ps
# onerror resume
# wave add /
# run 1000 ns
Simulator is doing circuit initialization process.
at 0 ps, Instance /tb_procesador2final/uut/Inst_sumadOR/ : Warning: There is an 'U'|'X'|'W'|'Z'|'-' in an arithmetic operand, the result will be 'X'(es).
at 0 ps, Instance /tb_procesador2final/uut/Inst_iM/ : Warning: CONV_INTEGER: There is an 'U'|'X'|'W'|'Z'|'-' in an arithmetic operand, and it has been converted to 0.
at 0 ps, Instance /tb_procesador2final/uut/Inst_rF/ : Warning: CONV_INTEGER: There is an 'U'|'X'|'W'|'Z'|'-' in an arithmetic operand, and it has been converted to 0.
at 0 ps, Instance /tb_procesador2final/uut/Inst_rF/ : Warning: CONV_INTEGER: There is an 'U'|'X'|'W'|'Z'|'-' in an arithmetic operand, and it has been converted to 0.
at 0 ps, Instance /tb_procesador2final/uut/Inst_rF/ : Warning: CONV_INTEGER: There is an 'U'|'X'|'W'|'Z'|'-' in an arithmetic operand, and it has been converted to 0.
Finished circuit initialization process.
ERROR: Index 32 out of bound 0 to 31. 
ERROR: In process iM.vhd:62 
 
INFO: Simulator is stopped.
