Running: C:\Xilinx\14.7\ISE_DS\ISE\bin\nt64\unwrapped\fuse.exe -intstyle ise -incremental -o C:/Users/Juli/Desktop/Daniela/trabajoxilinx/Procesador1/Tb_iM_isim_beh.exe -prj C:/Users/Juli/Desktop/Daniela/trabajoxilinx/Procesador1/Tb_iM_beh.prj work.Tb_iM 
ISim P.20131013 (signature 0x7708f090)
Number of CPUs detected in this system: 4
Turning on mult-threading, number of parallel sub-compilation jobs: 8 
Determining compilation order of HDL files
Parsing VHDL file "C:/Users/Juli/Desktop/Daniela/trabajoxilinx/Procesador1/iM.vhd" into library work
Parsing VHDL file "C:/Users/Juli/Desktop/Daniela/trabajoxilinx/Procesador1/Tb_iM.vhd" into library work
Starting static elaboration
Completed static elaboration
Compiling package standard
Compiling package std_logic_1164
Compiling package numeric_std
Compiling package std_logic_arith
Compiling package std_logic_unsigned
Compiling package textio
Compiling architecture behavioral of entity iM [im_default]
Compiling architecture behavior of entity tb_im
Time Resolution for simulation is 1ps.
Waiting for 1 sub-compilation(s) to finish...
Compiled 9 VHDL Units
Built simulation executable C:/Users/Juli/Desktop/Daniela/trabajoxilinx/Procesador1/Tb_iM_isim_beh.exe
Fuse Memory Usage: 36808 KB
Fuse CPU Usage: 515 ms
