Command line:
   Tb_nPC_isim_beh.exe
     -simmode  gui
     -simrunnum  0
     -socket  63952

Sun Oct 16 14:54:16 2016


 Elaboration Time: 0.03125 sec

 Current Memory Usage: 842.105 Meg

 Total Signals          : 9
 Total Nets             : 98
 Total Signal Drivers   : 4
 Total Blocks           : 3
 Total Primitive Blocks : 2
 Total Processes        : 3
 Total Traceable Variables  : 9
 Total Scalar Nets and Variables : 459
Total Line Count : 14

 Total Simulation Time: 0.4375 sec

 Current Memory Usage: 684.818 Meg

Sun Oct 16 14:56:39 2016

