Command line:
   Tb_rF_isim_beh.exe
     -simmode  gui
     -simrunnum  0
     -socket  53433

Mon Oct 17 10:27:28 2016


 Elaboration Time: 0.015625 sec

 Current Memory Usage: 842.236 Meg

 Total Signals          : 15
 Total Nets             : 1392
 Total Signal Drivers   : 8
 Total Blocks           : 5
 Total Primitive Blocks : 4
 Total Processes        : 2
 Total Traceable Variables  : 10
 Total Scalar Nets and Variables : 1770
Total Line Count : 15

 Total Simulation Time: 0.0625 sec

 Current Memory Usage: 842.236 Meg

Mon Oct 17 10:27:48 2016

