Command line:
   Tb_aLU_isim_beh.exe
     -simmode  gui
     -simrunnum  0
     -socket  53508

Mon Oct 17 10:41:55 2016


 Elaboration Time: 0.078125 sec

 Current Memory Usage: 842.134 Meg

 Total Signals          : 8
 Total Nets             : 102
 Total Signal Drivers   : 4
 Total Blocks           : 5
 Total Primitive Blocks : 4
 Total Processes        : 2
 Total Traceable Variables  : 10
 Total Scalar Nets and Variables : 480
Total Line Count : 14

 Total Simulation Time: 0.09375 sec

 Current Memory Usage: 1156.71 Meg

Mon Oct 17 10:42:26 2016

