Command line:
   Tb_uc_isim_beh.exe
     -simmode  gui
     -simrunnum  0
     -socket  64045

Sun Oct 16 15:03:58 2016


 Elaboration Time: 0.03125 sec

 Current Memory Usage: 841.626 Meg

 Total Signals          : 6
 Total Nets             : 14
 Total Signal Drivers   : 3
 Total Blocks           : 3
 Total Primitive Blocks : 2
 Total Processes        : 2
 Total Traceable Variables  : 8
 Total Scalar Nets and Variables : 374
Total Line Count : 14

 Total Simulation Time: 0.046875 sec

 Current Memory Usage: 841.626 Meg

Sun Oct 16 15:04:21 2016

