Command line:
   Tb_iM_isim_beh.exe
     -simmode  gui
     -simrunnum  0
     -socket  51862

Wed Oct 12 16:04:11 2016


 Elaboration Time: 0.03125 sec

 Current Memory Usage: 842.265 Meg

 Total Signals          : 7
 Total Nets             : 1089
 Total Signal Drivers   : 3
 Total Blocks           : 7
 Total Primitive Blocks : 6
 Total Processes        : 2
 Total Traceable Variables  : 15
 Total Scalar Nets and Variables : 1590
Total Line Count : 8

 Total Simulation Time: 0.265625 sec

 Current Memory Usage: 1156.84 Meg

Wed Oct 12 16:05:00 2016

