Command line:
   sumador_isim_beh.exe
     -simmode  gui
     -simrunnum  0
     -socket  58414

Fri Oct 07 15:49:12 2016


 Elaboration Time: 0.03125 sec

 Current Memory Usage: 840.327 Meg

 Total Signals          : 6
 Total Nets             : 96
 Total Signal Drivers   : 3
 Total Blocks           : 6
 Total Primitive Blocks : 5
 Total Processes        : 2
 Total Traceable Variables  : 15
 Total Scalar Nets and Variables : 597
Total Line Count : 8

 Total Simulation Time: 0.109375 sec

 Current Memory Usage: 683.041 Meg

Fri Oct 07 15:55:23 2016

