Command line:
   Tb_procesadorFinal_isim_beh.exe
     -simmode  gui
     -simrunnum  0
     -socket  53096

Tue Oct 18 16:15:42 2016


 Elaboration Time: 0.09375 sec

 Current Memory Usage: 846.393 Meg

 Total Signals          : 45
 Total Nets             : 2600
 Total Signal Drivers   : 12
 Total Blocks           : 13
 Total Primitive Blocks : 11
 Total Processes        : 10
 Total Traceable Variables  : 11
 Total Scalar Nets and Variables : 2979
Total Line Count : 50

 Total Simulation Time: 0.140625 sec

 Current Memory Usage: 846.393 Meg

Tue Oct 18 16:15:51 2016

