Command line:
   Tb_procesadorfinal3_isim_beh.exe
     -simmode  gui
     -simrunnum  0
     -socket  59810

Tue Nov 01 11:13:19 2016


 Elaboration Time: 0.046875 sec

 Current Memory Usage: 849.719 Meg

 Total Signals          : 67
 Total Nets             : 2701
 Total Signal Drivers   : 16
 Total Blocks           : 18
 Total Primitive Blocks : 16
 Total Processes        : 14
 Total Traceable Variables  : 16
 Total Scalar Nets and Variables : 3203
Total Line Count : 109
In process iM.vhd:62 
 

 Total Simulation Time: 0.1875 sec

 Current Memory Usage: 849.719 Meg

Tue Nov 01 11:13:41 2016

